2023-12-01 00:17:18.166 [info] Extension host with pid 40074 started
2023-12-01 00:17:18.169 [error] Error: EEXIST: file already exists, open '/home/tianyi/.vscode-server/data/User/workspaceStorage/1ca46504101bce80483b3f356325aca3/vscode.lock'
2023-12-01 00:17:18.175 [info] Lock '/home/tianyi/.vscode-server/data/User/workspaceStorage/1ca46504101bce80483b3f356325aca3/vscode.lock': Could not acquire lock, checking if the file is stale.
2023-12-01 00:17:18.179 [info] Lock '/home/tianyi/.vscode-server/data/User/workspaceStorage/1ca46504101bce80483b3f356325aca3/vscode.lock': The lock does not look stale, elapsed: 518 ms, giving up.
2023-12-01 00:17:18.190 [info] Lock '/home/tianyi/.vscode-server/data/User/workspaceStorage/1ca46504101bce80483b3f356325aca3-1/vscode.lock': Lock acquired.
2023-12-01 00:17:18.507 [info] ExtensionService#_doActivateExtension vscode.tunnel-forwarding, startup: false, activationEvent: 'onTunnel'
2023-12-01 00:17:18.509 [info] ExtensionService#_doActivateExtension vscode.html-language-features, startup: false, activationEvent: 'onLanguage:html'
2023-12-01 00:17:18.509 [info] ExtensionService#_doActivateExtension vscode.emmet, startup: false, activationEvent: 'onLanguage'
2023-12-01 00:17:18.509 [info] ExtensionService#_doActivateExtension vscode.git-base, startup: false, activationEvent: '*', root cause: vscode.git
2023-12-01 00:17:18.684 [error] No bundle location found for extension vscode.tunnel-forwarding
2023-12-01 00:17:20.168 [info] ExtensionService#_doActivateExtension vscode.git, startup: false, activationEvent: '*'
2023-12-01 00:17:20.169 [info] ExtensionService#_doActivateExtension vscode.github, startup: false, activationEvent: '*'
2023-12-01 00:17:22.159 [info] Eager extensions activated
2023-12-01 00:17:22.160 [info] ExtensionService#_doActivateExtension vscode.debug-auto-launch, startup: false, activationEvent: 'onStartupFinished'
2023-12-01 00:17:22.160 [info] ExtensionService#_doActivateExtension vscode.merge-conflict, startup: false, activationEvent: 'onStartupFinished'
2023-12-01 00:19:53.661 [info] ExtensionService#_doActivateExtension ms-python.python, startup: false, activationEvent: 'onLanguage:python'
2023-12-01 00:19:54.072 [warning] Using default string since no string found in i18n bundle that has the key: You need to select a Python interpreter before you start debugging.

Tip: click on "Select Interpreter" in the status bar.
2023-12-01 00:19:54.072 [warning] Using default string since no string found in i18n bundle that has the key: The Python extension now includes Pylance to improve completions, code navigation, overall performance and much more! You can learn more about the update and learn how to change your language server [here](https://aka.ms/new-python-bundle).

Read Pylance's license [here](https://marketplace.visualstudio.com/items/ms-python.vscode-pylance/license).
2023-12-01 00:19:54.074 [warning] Using default string since no string found in i18n bundle that has the key: The Microsoft Python Language Server has reached end of life. Your language server has been set to the default for Python in VS Code, Pylance.

If you'd like to change your language server, you can learn about how to do so [here](https://devblogs.microsoft.com/python/python-in-visual-studio-code-may-2021-release/#configuring-your-language-server).

Read Pylance's license [here](https://marketplace.visualstudio.com/items/ms-python.vscode-pylance/license).
2023-12-01 00:19:54.360 [info] ExtensionService#_doActivateExtension ms-python.vscode-pylance, startup: false, activationEvent: 'onLanguage:python'
2023-12-01 02:09:53.957 [info] Extension host terminating: renderer disconnected for too long (2)
2023-12-01 02:09:53.960 [info] Lock '/home/tianyi/.vscode-server/data/User/workspaceStorage/1ca46504101bce80483b3f356325aca3-1/vscode.lock': Marking the lockfile as scheduled to be released in 6000 ms.
2023-12-01 02:09:54.010 [error] TypeError: e.clear is not a function
	at _.cleanUp (/home/tianyi/.vscode-server/extensions/ms-python.python-2023.20.0/out/client/extension.js:2:2412859)
	at _.shutdown (/home/tianyi/.vscode-server/extensions/ms-python.python-2023.20.0/out/client/extension.js:2:2412035)
	at _.stop (/home/tianyi/.vscode-server/extensions/ms-python.python-2023.20.0/out/client/extension.js:2:2411463)
	at _.stop (/home/tianyi/.vscode-server/extensions/ms-python.python-2023.20.0/out/client/extension.js:2:2577851)
	at Object.stop (/home/tianyi/.vscode-server/extensions/ms-python.python-2023.20.0/out/client/extension.js:2:52694)
	at Object.stop (/home/tianyi/.vscode-server/extensions/ms-python.vscode-pylance-2023.11.10/dist/extension.bundle.js:1:167359)
	at _0x245439.<computed>._stopClient (/home/tianyi/.vscode-server/extensions/ms-python.vscode-pylance-2023.11.10/dist/extension.bundle.js:1:110667)
	at _0x245439.<computed>._createNewRequest (/home/tianyi/.vscode-server/extensions/ms-python.vscode-pylance-2023.11.10/dist/extension.bundle.js:1:110246)
	at process.processTicksAndRejections (node:internal/process/task_queues:95:5)
2023-12-01 02:09:54.011 [error] TypeError: e.clear is not a function
	at _.cleanUp (/home/tianyi/.vscode-server/extensions/ms-python.python-2023.20.0/out/client/extension.js:2:2412859)
	at _.shutdown (/home/tianyi/.vscode-server/extensions/ms-python.python-2023.20.0/out/client/extension.js:2:2412035)
	at _.stop (/home/tianyi/.vscode-server/extensions/ms-python.python-2023.20.0/out/client/extension.js:2:2411463)
	at _.stop (/home/tianyi/.vscode-server/extensions/ms-python.python-2023.20.0/out/client/extension.js:2:2577851)
	at Object.stop (/home/tianyi/.vscode-server/extensions/ms-python.python-2023.20.0/out/client/extension.js:2:52694)
	at Object.stop (/home/tianyi/.vscode-server/extensions/ms-python.vscode-pylance-2023.11.10/dist/extension.bundle.js:1:167359)
	at _0x245439.<computed>._stopClient (/home/tianyi/.vscode-server/extensions/ms-python.vscode-pylance-2023.11.10/dist/extension.bundle.js:1:110667)
	at _0x245439.<computed>._createNewRequest (/home/tianyi/.vscode-server/extensions/ms-python.vscode-pylance-2023.11.10/dist/extension.bundle.js:1:110246)
	at process.processTicksAndRejections (node:internal/process/task_queues:95:5)
2023-12-01 02:09:58.997 [info] Extension host with pid 40074 exiting with code 0
