*
* Visual Studio Code Server
*
* By using the software, you agree to
* the Visual Studio Code Server License Terms (https://aka.ms/vscode-server-license) and
* the Microsoft Privacy Statement (https://privacy.microsoft.com/en-US/privacystatement).
*
Server bound to 127.0.0.1:43061 (IPv4)
Extension host agent listening on 43061

[01:58:34] 




[01:58:34] Extension host agent started.
[01:58:34] [File Watcher (node.js)] Failed to watch /home/tianyi/.vscode-server/data/Machine for changes using fs.watch() (Error: ENOSPC: System limit for number of file watchers reached, watch '/home/tianyi/.vscode-server/data/Machine')
[01:58:34] [File Watcher (node.js)] Failed to watch /home/tianyi/.vscode-server/extensions for changes using fs.watch() (Error: ENOSPC: System limit for number of file watchers reached, watch '/home/tianyi/.vscode-server/extensions')
[01:58:34] [File Watcher (node.js)] Failed to watch /home/tianyi/.vscode-server/extensions/extensions.json for changes using fs.watch() (Error: ENOSPC: System limit for number of file watchers reached, watch '/home/tianyi/.vscode-server/extensions/extensions.json')
[01:58:34] [127.0.0.1][b2ff5226][ManagementConnection] New connection established.
[01:58:34] [127.0.0.1][dcb6f382][ExtensionHostConnection] New connection established.
[01:58:34] [127.0.0.1][dcb6f382][ExtensionHostConnection] <49304> Launched Extension Host Process.
[01:58:34] [File Watcher (node.js)] Failed to watch /home/tianyi/.vscode-server/data/Machine for changes using fs.watch() (Error: ENOSPC: System limit for number of file watchers reached, watch '/home/tianyi/.vscode-server/data/Machine')
[01:58:36] [File Watcher (parcel)] Inotify limit reached (ENOSPC) (path: /home/tianyi)
[01:58:37] [File Watcher (node.js)] Failed to watch /home/tianyi for changes using fs.watch() (Error: ENOSPC: System limit for number of file watchers reached, watch '/home/tianyi')
New EH opened, aborting shutdown
[02:03:34] New EH opened, aborting shutdown
[04:27:16] [127.0.0.1][b2ff5226][ManagementConnection] The client has disconnected gracefully, so the connection will be disposed.
[04:27:16] [127.0.0.1][dcb6f382][ExtensionHostConnection] <49304> Extension Host Process exited with code: 0, signal: null.
Last EH closed, waiting before shutting down
[04:27:16] Last EH closed, waiting before shutting down
