*
* Visual Studio Code Server
*
* By using the software, you agree to
* the Visual Studio Code Server License Terms (https://aka.ms/vscode-server-license) and
* the Microsoft Privacy Statement (https://privacy.microsoft.com/en-US/privacystatement).
*
Server bound to 127.0.0.1:35133 (IPv4)
Extension host agent listening on 35133

[23:03:56] 




[23:03:56] Extension host agent started.
[23:03:56] [/home/tianyi/.vscode-server/extensions/ms-python.python-2023.20.0]: Extension is not compatible with Code 1.81.1. Extension requires: ^1.82.0.
[23:03:56] [127.0.0.1][1fb8a92d][ManagementConnection] New connection established.
[23:03:56] [127.0.0.1][94c14918][ExtensionHostConnection] New connection established.
[23:03:56] [127.0.0.1][94c14918][ExtensionHostConnection] <1711> Launched Extension Host Process.
[23:03:56] [/home/tianyi/.vscode-server/extensions/ms-python.python-2023.20.0]: Extension is not compatible with Code 1.81.1. Extension requires: ^1.82.0.
[23:03:56] [/home/tianyi/.vscode-server/extensions/ms-python.python-2023.20.0]: Extension is not compatible with Code 1.81.1. Extension requires: ^1.82.0.
[23:03:57] [/home/tianyi/.vscode-server/extensions/ms-python.python-2023.20.0]: Extension is not compatible with Code 1.81.1. Extension requires: ^1.82.0.
[23:03:57] [/home/tianyi/.vscode-server/extensions/ms-python.python-2023.20.0]: Extension is not compatible with Code 1.81.1. Extension requires: ^1.82.0.
[23:03:57] [/home/tianyi/.vscode-server/extensions/ms-python.python-2023.20.0]: Extension is not compatible with Code 1.81.1. Extension requires: ^1.82.0.
[23:03:57] [/home/tianyi/.vscode-server/extensions/ms-python.python-2023.20.0]: Extension is not compatible with Code 1.81.1. Extension requires: ^1.82.0.
[23:03:57] [/home/tianyi/.vscode-server/extensions/ms-python.python-2023.20.0]: Extension is not compatible with Code 1.81.1. Extension requires: ^1.82.0.
[23:03:57] [/home/tianyi/.vscode-server/extensions/ms-python.python-2023.20.0]: Extension is not compatible with Code 1.81.1. Extension requires: ^1.82.0.
[23:03:57] [/home/tianyi/.vscode-server/extensions/ms-python.python-2023.20.0]: Extension is not compatible with Code 1.81.1. Extension requires: ^1.82.0.
[23:03:57] [/home/tianyi/.vscode-server/extensions/ms-python.python-2023.20.0]: Extension is not compatible with Code 1.81.1. Extension requires: ^1.82.0.
[23:03:57] [/home/tianyi/.vscode-server/extensions/ms-python.python-2023.20.0]: Extension is not compatible with Code 1.81.1. Extension requires: ^1.82.0.
[23:03:57] [/home/tianyi/.vscode-server/extensions/ms-python.python-2023.20.0]: Extension is not compatible with Code 1.81.1. Extension requires: ^1.82.0.
[23:03:58] [/home/tianyi/.vscode-server/extensions/ms-python.python-2023.20.0]: Extension is not compatible with Code 1.81.1. Extension requires: ^1.82.0.
[23:03:58] [/home/tianyi/.vscode-server/extensions/ms-python.python-2023.20.0]: Extension is not compatible with Code 1.81.1. Extension requires: ^1.82.0.
[23:03:59] [/home/tianyi/.vscode-server/extensions/ms-python.python-2023.20.0]: Extension is not compatible with Code 1.81.1. Extension requires: ^1.82.0.
[23:04:00] [127.0.0.1][1fb8a92d][ManagementConnection] The client has disconnected gracefully, so the connection will be disposed.
[23:04:00] Error: Throttler is disposed
    at r.queue (/home/tianyi/.vscode-server/bin/6c3e3dba23e8fadc360aed75ce363ba185c49794/out/vs/server/node/server.main.js:70:13612)
    at /home/tianyi/.vscode-server/bin/6c3e3dba23e8fadc360aed75ce363ba185c49794/out/vs/server/node/server.main.js:70:15183
    at /home/tianyi/.vscode-server/bin/6c3e3dba23e8fadc360aed75ce363ba185c49794/out/vs/server/node/server.main.js:70:14822
[23:04:00] [127.0.0.1][94c14918][ExtensionHostConnection] <1711> Extension Host Process exited with code: 0, signal: null.
Cancelling previous shutdown timeout
[23:04:00] Cancelling previous shutdown timeout
Last EH closed, waiting before shutting down
[23:04:00] Last EH closed, waiting before shutting down
Got delay-shutdown request while in shutdown timeout, delaying
[23:04:01] Got delay-shutdown request while in shutdown timeout, delaying
Cancelling previous shutdown timeout
[23:04:01] Cancelling previous shutdown timeout
[23:04:01] [127.0.0.1][641c9319][ManagementConnection] New connection established.
[23:04:01] [127.0.0.1][398d1f7e][ExtensionHostConnection] New connection established.
[23:04:01] [127.0.0.1][398d1f7e][ExtensionHostConnection] <1842> Launched Extension Host Process.
[23:04:01] [/home/tianyi/.vscode-server/extensions/ms-python.python-2023.20.0]: Extension is not compatible with Code 1.81.1. Extension requires: ^1.82.0.
[23:04:02] [/home/tianyi/.vscode-server/extensions/ms-python.python-2023.20.0]: Extension is not compatible with Code 1.81.1. Extension requires: ^1.82.0.
[23:04:02] [/home/tianyi/.vscode-server/extensions/ms-python.python-2023.20.0]: Extension is not compatible with Code 1.81.1. Extension requires: ^1.82.0.
[23:04:02] [/home/tianyi/.vscode-server/extensions/ms-python.python-2023.20.0]: Extension is not compatible with Code 1.81.1. Extension requires: ^1.82.0.
[23:04:02] [/home/tianyi/.vscode-server/extensions/ms-python.python-2023.20.0]: Extension is not compatible with Code 1.81.1. Extension requires: ^1.82.0.
[23:04:02] [/home/tianyi/.vscode-server/extensions/ms-python.python-2023.20.0]: Extension is not compatible with Code 1.81.1. Extension requires: ^1.82.0.
[23:04:02] [/home/tianyi/.vscode-server/extensions/ms-python.python-2023.20.0]: Extension is not compatible with Code 1.81.1. Extension requires: ^1.82.0.
[23:04:03] [/home/tianyi/.vscode-server/extensions/ms-python.python-2023.20.0]: Extension is not compatible with Code 1.81.1. Extension requires: ^1.82.0.
[23:04:03] [/home/tianyi/.vscode-server/extensions/ms-python.python-2023.20.0]: Extension is not compatible with Code 1.81.1. Extension requires: ^1.82.0.
[23:04:03] [/home/tianyi/.vscode-server/extensions/ms-python.python-2023.20.0]: Extension is not compatible with Code 1.81.1. Extension requires: ^1.82.0.
[23:04:03] [/home/tianyi/.vscode-server/extensions/ms-python.python-2023.20.0]: Extension is not compatible with Code 1.81.1. Extension requires: ^1.82.0.
rejected promise not handled within 1 second: TypeError: Cannot read properties of undefined (reading 'cwd')
stack trace: TypeError: Cannot read properties of undefined (reading 'cwd')
    at g.I (/home/tianyi/.vscode-server/bin/6c3e3dba23e8fadc360aed75ce363ba185c49794/out/vs/platform/terminal/node/ptyHostMain.js:28:941)
    at g.reviveTerminalProcesses (/home/tianyi/.vscode-server/bin/6c3e3dba23e8fadc360aed75ce363ba185c49794/out/vs/platform/terminal/node/ptyHostMain.js:28:795)
    at g.B.<computed> (/home/tianyi/.vscode-server/bin/6c3e3dba23e8fadc360aed75ce363ba185c49794/out/vs/platform/terminal/node/ptyHostMain.js:27:22689)
    at Object.call (/home/tianyi/.vscode-server/bin/6c3e3dba23e8fadc360aed75ce363ba185c49794/out/vs/platform/terminal/node/ptyHostMain.js:17:4867)
    at l.s (/home/tianyi/.vscode-server/bin/6c3e3dba23e8fadc360aed75ce363ba185c49794/out/vs/platform/terminal/node/ptyHostMain.js:15:5150)
    at l.q (/home/tianyi/.vscode-server/bin/6c3e3dba23e8fadc360aed75ce363ba185c49794/out/vs/platform/terminal/node/ptyHostMain.js:15:4661)
    at i.value (/home/tianyi/.vscode-server/bin/6c3e3dba23e8fadc360aed75ce363ba185c49794/out/vs/platform/terminal/node/ptyHostMain.js:15:4066)
    at k.w (/home/tianyi/.vscode-server/bin/6c3e3dba23e8fadc360aed75ce363ba185c49794/out/vs/platform/terminal/node/ptyHostMain.js:10:1902)
    at k.fire (/home/tianyi/.vscode-server/bin/6c3e3dba23e8fadc360aed75ce363ba185c49794/out/vs/platform/terminal/node/ptyHostMain.js:10:2119)
    at process.X (/home/tianyi/.vscode-server/bin/6c3e3dba23e8fadc360aed75ce363ba185c49794/out/vs/platform/terminal/node/ptyHostMain.js:8:27134)
    at process.emit (node:events:513:28)
    at emit (node:internal/child_process:939:14)
    at processTicksAndRejections (node:internal/process/task_queues:84:21)
[23:04:03] Error [TypeError]: Cannot read properties of undefined (reading 'cwd')
    at g.I (/home/tianyi/.vscode-server/bin/6c3e3dba23e8fadc360aed75ce363ba185c49794/out/vs/platform/terminal/node/ptyHostMain.js:28:941)
    at g.reviveTerminalProcesses (/home/tianyi/.vscode-server/bin/6c3e3dba23e8fadc360aed75ce363ba185c49794/out/vs/platform/terminal/node/ptyHostMain.js:28:795)
    at g.B.<computed> (/home/tianyi/.vscode-server/bin/6c3e3dba23e8fadc360aed75ce363ba185c49794/out/vs/platform/terminal/node/ptyHostMain.js:27:22689)
    at Object.call (/home/tianyi/.vscode-server/bin/6c3e3dba23e8fadc360aed75ce363ba185c49794/out/vs/platform/terminal/node/ptyHostMain.js:17:4867)
    at l.s (/home/tianyi/.vscode-server/bin/6c3e3dba23e8fadc360aed75ce363ba185c49794/out/vs/platform/terminal/node/ptyHostMain.js:15:5150)
    at l.q (/home/tianyi/.vscode-server/bin/6c3e3dba23e8fadc360aed75ce363ba185c49794/out/vs/platform/terminal/node/ptyHostMain.js:15:4661)
    at i.value (/home/tianyi/.vscode-server/bin/6c3e3dba23e8fadc360aed75ce363ba185c49794/out/vs/platform/terminal/node/ptyHostMain.js:15:4066)
    at k.w (/home/tianyi/.vscode-server/bin/6c3e3dba23e8fadc360aed75ce363ba185c49794/out/vs/platform/terminal/node/ptyHostMain.js:10:1902)
    at k.fire (/home/tianyi/.vscode-server/bin/6c3e3dba23e8fadc360aed75ce363ba185c49794/out/vs/platform/terminal/node/ptyHostMain.js:10:2119)
    at process.X (/home/tianyi/.vscode-server/bin/6c3e3dba23e8fadc360aed75ce363ba185c49794/out/vs/platform/terminal/node/ptyHostMain.js:8:27134)
    at process.emit (node:events:513:28)
    at emit (node:internal/child_process:939:14)
    at processTicksAndRejections (node:internal/process/task_queues:84:21)
[23:04:04] [/home/tianyi/.vscode-server/extensions/ms-python.python-2023.20.0]: Extension is not compatible with Code 1.81.1. Extension requires: ^1.82.0.
[23:04:04] [/home/tianyi/.vscode-server/extensions/ms-python.python-2023.20.0]: Extension is not compatible with Code 1.81.1. Extension requires: ^1.82.0.
[23:04:04] [/home/tianyi/.vscode-server/extensions/ms-python.python-2023.20.0]: Extension is not compatible with Code 1.81.1. Extension requires: ^1.82.0.
[23:04:04] [/home/tianyi/.vscode-server/extensions/ms-python.python-2023.20.0]: Extension is not compatible with Code 1.81.1. Extension requires: ^1.82.0.
[23:04:05] [/home/tianyi/.vscode-server/extensions/ms-python.python-2023.20.0]: Extension is not compatible with Code 1.81.1. Extension requires: ^1.82.0.
New EH opened, aborting shutdown
[23:09:01] New EH opened, aborting shutdown
[23:09:04] [/home/tianyi/.vscode-server/extensions/ms-python.python-2023.20.0]: Extension is not compatible with Code 1.81.1. Extension requires: ^1.82.0.
[23:10:15] [127.0.0.1][641c9319][ManagementConnection] The client has disconnected gracefully, so the connection will be disposed.
[23:10:15] Error: Throttler is disposed
    at r.queue (/home/tianyi/.vscode-server/bin/6c3e3dba23e8fadc360aed75ce363ba185c49794/out/vs/server/node/server.main.js:70:13612)
    at /home/tianyi/.vscode-server/bin/6c3e3dba23e8fadc360aed75ce363ba185c49794/out/vs/server/node/server.main.js:70:15183
    at /home/tianyi/.vscode-server/bin/6c3e3dba23e8fadc360aed75ce363ba185c49794/out/vs/server/node/server.main.js:70:14822
    at runNextTicks (node:internal/process/task_queues:61:5)
    at listOnTimeout (node:internal/timers:528:9)
    at processTimers (node:internal/timers:502:7)
[23:10:15] Error: Throttler is disposed
    at r.queue (/home/tianyi/.vscode-server/bin/6c3e3dba23e8fadc360aed75ce363ba185c49794/out/vs/server/node/server.main.js:70:13612)
    at /home/tianyi/.vscode-server/bin/6c3e3dba23e8fadc360aed75ce363ba185c49794/out/vs/server/node/server.main.js:70:15183
    at /home/tianyi/.vscode-server/bin/6c3e3dba23e8fadc360aed75ce363ba185c49794/out/vs/server/node/server.main.js:70:14822
    at runNextTicks (node:internal/process/task_queues:61:5)
    at listOnTimeout (node:internal/timers:528:9)
    at processTimers (node:internal/timers:502:7)
[23:10:15] Error: Throttler is disposed
    at r.queue (/home/tianyi/.vscode-server/bin/6c3e3dba23e8fadc360aed75ce363ba185c49794/out/vs/server/node/server.main.js:70:13612)
    at /home/tianyi/.vscode-server/bin/6c3e3dba23e8fadc360aed75ce363ba185c49794/out/vs/server/node/server.main.js:70:15183
    at /home/tianyi/.vscode-server/bin/6c3e3dba23e8fadc360aed75ce363ba185c49794/out/vs/server/node/server.main.js:70:14822
    at runNextTicks (node:internal/process/task_queues:61:5)
    at listOnTimeout (node:internal/timers:528:9)
    at processTimers (node:internal/timers:502:7)
[23:10:15] Error: Throttler is disposed
    at r.queue (/home/tianyi/.vscode-server/bin/6c3e3dba23e8fadc360aed75ce363ba185c49794/out/vs/server/node/server.main.js:70:13612)
    at /home/tianyi/.vscode-server/bin/6c3e3dba23e8fadc360aed75ce363ba185c49794/out/vs/server/node/server.main.js:70:15183
    at /home/tianyi/.vscode-server/bin/6c3e3dba23e8fadc360aed75ce363ba185c49794/out/vs/server/node/server.main.js:70:14822
    at runNextTicks (node:internal/process/task_queues:61:5)
    at listOnTimeout (node:internal/timers:528:9)
    at processTimers (node:internal/timers:502:7)
[23:10:15] Error: Throttler is disposed
    at r.queue (/home/tianyi/.vscode-server/bin/6c3e3dba23e8fadc360aed75ce363ba185c49794/out/vs/server/node/server.main.js:70:13612)
    at /home/tianyi/.vscode-server/bin/6c3e3dba23e8fadc360aed75ce363ba185c49794/out/vs/server/node/server.main.js:70:15183
    at /home/tianyi/.vscode-server/bin/6c3e3dba23e8fadc360aed75ce363ba185c49794/out/vs/server/node/server.main.js:70:14822
    at runNextTicks (node:internal/process/task_queues:61:5)
    at listOnTimeout (node:internal/timers:528:9)
    at processTimers (node:internal/timers:502:7)
[23:10:15] Error: Throttler is disposed
    at r.queue (/home/tianyi/.vscode-server/bin/6c3e3dba23e8fadc360aed75ce363ba185c49794/out/vs/server/node/server.main.js:70:13612)
    at /home/tianyi/.vscode-server/bin/6c3e3dba23e8fadc360aed75ce363ba185c49794/out/vs/server/node/server.main.js:70:15183
    at /home/tianyi/.vscode-server/bin/6c3e3dba23e8fadc360aed75ce363ba185c49794/out/vs/server/node/server.main.js:70:14822
[23:10:15] [127.0.0.1][398d1f7e][ExtensionHostConnection] <1842> Extension Host Process exited with code: 0, signal: null.
Last EH closed, waiting before shutting down
[23:10:15] Last EH closed, waiting before shutting down
Last EH closed, shutting down
[23:15:15] Last EH closed, shutting down
