*
* Visual Studio Code Server
*
* By using the software, you agree to
* the Visual Studio Code Server License Terms (https://aka.ms/vscode-server-license) and
* the Microsoft Privacy Statement (https://privacy.microsoft.com/en-US/privacystatement).
*
Server bound to 127.0.0.1:40849 (IPv4)
Extension host agent listening on 40849

[23:35:32] 




[23:35:32] Extension host agent started.
[23:35:33] [127.0.0.1][4aa82009][ManagementConnection] New connection established.
[23:35:33] [127.0.0.1][3841ccc7][ExtensionHostConnection] New connection established.
[23:35:33] [127.0.0.1][3841ccc7][ExtensionHostConnection] <1745> Launched Extension Host Process.
[23:35:37] [127.0.0.1][4aa82009][ManagementConnection] The client has disconnected gracefully, so the connection will be disposed.
[23:35:37] Error: Throttler is disposed
    at c.queue (/home/tianyi/.vscode-server/bin/abd2f3db4bdb28f9e95536dfa84d8479f1eb312d/out/vs/server/node/server.main.js:70:13632)
    at /home/tianyi/.vscode-server/bin/abd2f3db4bdb28f9e95536dfa84d8479f1eb312d/out/vs/server/node/server.main.js:70:15216
    at /home/tianyi/.vscode-server/bin/abd2f3db4bdb28f9e95536dfa84d8479f1eb312d/out/vs/server/node/server.main.js:70:14852
Got delay-shutdown request while in shutdown timeout, delaying
[23:35:40] Got delay-shutdown request while in shutdown timeout, delaying
Cancelling previous shutdown timeout
[23:35:40] Cancelling previous shutdown timeout
[23:35:41] [127.0.0.1][72595e3e][ExtensionHostConnection] New connection established.
[23:35:41] [127.0.0.1][14b625ea][ManagementConnection] New connection established.
[23:35:41] [127.0.0.1][72595e3e][ExtensionHostConnection] <1876> Launched Extension Host Process.
[23:35:42] [127.0.0.1][3841ccc7][ExtensionHostConnection] <1745> Extension Host Process exited with code: 0, signal: null.
Cancelling previous shutdown timeout
[23:35:42] Cancelling previous shutdown timeout
[23:35:44] [File Watcher (parcel)] Unexpected error: inotify_add_watch on '/home/tianyi/.vscode-server/data/logs/20231122T001249/exthost1/vscode.git' failed: No such file or directory (EUNKNOWN) (path: /home/tianyi)
[23:35:44] [File Watcher (universal)] restarting watcher after error: inotify_add_watch on '/home/tianyi/.vscode-server/data/logs/20231122T001249/exthost1/vscode.git' failed: No such file or directory
[23:35:47] Getting Manifest... ms-python.python
[23:35:47] Installing extension: ms-python.python
[23:35:48] Extension signature verification failed with error 'ENOENT': ms-python.python
[23:35:51] Extracted extension to file:///home/tianyi/.vscode-server/extensions/ms-python.python-2023.22.0: ms-python.python
[23:35:51] Renamed to /home/tianyi/.vscode-server/extensions/ms-python.python-2023.22.0
[23:35:51] Extracting extension completed. ms-python.python
[23:35:51] Extension installed successfully: ms-python.python
[23:35:51] Marked extension as uninstalled ms-python.python-2023.20.0
[23:55:47] [127.0.0.1][14b625ea][ManagementConnection] The client has disconnected gracefully, so the connection will be disposed.
[23:55:47] Error: Throttler is disposed
    at c.queue (/home/tianyi/.vscode-server/bin/abd2f3db4bdb28f9e95536dfa84d8479f1eb312d/out/vs/server/node/server.main.js:70:13632)
    at /home/tianyi/.vscode-server/bin/abd2f3db4bdb28f9e95536dfa84d8479f1eb312d/out/vs/server/node/server.main.js:70:15216
    at /home/tianyi/.vscode-server/bin/abd2f3db4bdb28f9e95536dfa84d8479f1eb312d/out/vs/server/node/server.main.js:70:14852
    at runNextTicks (node:internal/process/task_queues:60:5)
    at listOnTimeout (node:internal/timers:538:9)
    at process.processTimers (node:internal/timers:512:7)
[23:55:47] Error: Throttler is disposed
    at c.queue (/home/tianyi/.vscode-server/bin/abd2f3db4bdb28f9e95536dfa84d8479f1eb312d/out/vs/server/node/server.main.js:70:13632)
    at /home/tianyi/.vscode-server/bin/abd2f3db4bdb28f9e95536dfa84d8479f1eb312d/out/vs/server/node/server.main.js:70:15216
    at /home/tianyi/.vscode-server/bin/abd2f3db4bdb28f9e95536dfa84d8479f1eb312d/out/vs/server/node/server.main.js:70:14852
    at runNextTicks (node:internal/process/task_queues:60:5)
    at listOnTimeout (node:internal/timers:538:9)
    at process.processTimers (node:internal/timers:512:7)
[23:55:47] Error: Throttler is disposed
    at c.queue (/home/tianyi/.vscode-server/bin/abd2f3db4bdb28f9e95536dfa84d8479f1eb312d/out/vs/server/node/server.main.js:70:13632)
    at /home/tianyi/.vscode-server/bin/abd2f3db4bdb28f9e95536dfa84d8479f1eb312d/out/vs/server/node/server.main.js:70:15216
    at /home/tianyi/.vscode-server/bin/abd2f3db4bdb28f9e95536dfa84d8479f1eb312d/out/vs/server/node/server.main.js:70:14852
    at runNextTicks (node:internal/process/task_queues:60:5)
    at listOnTimeout (node:internal/timers:538:9)
    at process.processTimers (node:internal/timers:512:7)
[23:55:47] Error: Throttler is disposed
    at c.queue (/home/tianyi/.vscode-server/bin/abd2f3db4bdb28f9e95536dfa84d8479f1eb312d/out/vs/server/node/server.main.js:70:13632)
    at /home/tianyi/.vscode-server/bin/abd2f3db4bdb28f9e95536dfa84d8479f1eb312d/out/vs/server/node/server.main.js:70:15216
    at /home/tianyi/.vscode-server/bin/abd2f3db4bdb28f9e95536dfa84d8479f1eb312d/out/vs/server/node/server.main.js:70:14852
    at runNextTicks (node:internal/process/task_queues:60:5)
    at listOnTimeout (node:internal/timers:538:9)
    at process.processTimers (node:internal/timers:512:7)
[23:55:47] Error: Throttler is disposed
    at c.queue (/home/tianyi/.vscode-server/bin/abd2f3db4bdb28f9e95536dfa84d8479f1eb312d/out/vs/server/node/server.main.js:70:13632)
    at /home/tianyi/.vscode-server/bin/abd2f3db4bdb28f9e95536dfa84d8479f1eb312d/out/vs/server/node/server.main.js:70:15216
    at /home/tianyi/.vscode-server/bin/abd2f3db4bdb28f9e95536dfa84d8479f1eb312d/out/vs/server/node/server.main.js:70:14852
    at runNextTicks (node:internal/process/task_queues:60:5)
    at listOnTimeout (node:internal/timers:538:9)
    at process.processTimers (node:internal/timers:512:7)
[23:55:47] Error: Throttler is disposed
    at c.queue (/home/tianyi/.vscode-server/bin/abd2f3db4bdb28f9e95536dfa84d8479f1eb312d/out/vs/server/node/server.main.js:70:13632)
    at /home/tianyi/.vscode-server/bin/abd2f3db4bdb28f9e95536dfa84d8479f1eb312d/out/vs/server/node/server.main.js:70:15216
    at /home/tianyi/.vscode-server/bin/abd2f3db4bdb28f9e95536dfa84d8479f1eb312d/out/vs/server/node/server.main.js:70:14852
    at runNextTicks (node:internal/process/task_queues:60:5)
    at listOnTimeout (node:internal/timers:538:9)
    at process.processTimers (node:internal/timers:512:7)
[23:55:47] Error: Throttler is disposed
    at c.queue (/home/tianyi/.vscode-server/bin/abd2f3db4bdb28f9e95536dfa84d8479f1eb312d/out/vs/server/node/server.main.js:70:13632)
    at /home/tianyi/.vscode-server/bin/abd2f3db4bdb28f9e95536dfa84d8479f1eb312d/out/vs/server/node/server.main.js:70:15216
    at /home/tianyi/.vscode-server/bin/abd2f3db4bdb28f9e95536dfa84d8479f1eb312d/out/vs/server/node/server.main.js:70:14852
    at runNextTicks (node:internal/process/task_queues:60:5)
    at listOnTimeout (node:internal/timers:538:9)
    at process.processTimers (node:internal/timers:512:7)
[23:55:47] Error: Throttler is disposed
    at c.queue (/home/tianyi/.vscode-server/bin/abd2f3db4bdb28f9e95536dfa84d8479f1eb312d/out/vs/server/node/server.main.js:70:13632)
    at /home/tianyi/.vscode-server/bin/abd2f3db4bdb28f9e95536dfa84d8479f1eb312d/out/vs/server/node/server.main.js:70:15216
    at /home/tianyi/.vscode-server/bin/abd2f3db4bdb28f9e95536dfa84d8479f1eb312d/out/vs/server/node/server.main.js:70:14852
    at runNextTicks (node:internal/process/task_queues:60:5)
    at listOnTimeout (node:internal/timers:538:9)
    at process.processTimers (node:internal/timers:512:7)
[23:55:47] Error: Throttler is disposed
    at c.queue (/home/tianyi/.vscode-server/bin/abd2f3db4bdb28f9e95536dfa84d8479f1eb312d/out/vs/server/node/server.main.js:70:13632)
    at /home/tianyi/.vscode-server/bin/abd2f3db4bdb28f9e95536dfa84d8479f1eb312d/out/vs/server/node/server.main.js:70:15216
    at /home/tianyi/.vscode-server/bin/abd2f3db4bdb28f9e95536dfa84d8479f1eb312d/out/vs/server/node/server.main.js:70:14852
    at runNextTicks (node:internal/process/task_queues:60:5)
    at listOnTimeout (node:internal/timers:538:9)
    at process.processTimers (node:internal/timers:512:7)
[23:55:47] Error: Throttler is disposed
    at c.queue (/home/tianyi/.vscode-server/bin/abd2f3db4bdb28f9e95536dfa84d8479f1eb312d/out/vs/server/node/server.main.js:70:13632)
    at /home/tianyi/.vscode-server/bin/abd2f3db4bdb28f9e95536dfa84d8479f1eb312d/out/vs/server/node/server.main.js:70:15216
    at /home/tianyi/.vscode-server/bin/abd2f3db4bdb28f9e95536dfa84d8479f1eb312d/out/vs/server/node/server.main.js:70:14852
    at runNextTicks (node:internal/process/task_queues:60:5)
    at listOnTimeout (node:internal/timers:538:9)
    at process.processTimers (node:internal/timers:512:7)
[23:55:47] Error: Throttler is disposed
    at c.queue (/home/tianyi/.vscode-server/bin/abd2f3db4bdb28f9e95536dfa84d8479f1eb312d/out/vs/server/node/server.main.js:70:13632)
    at /home/tianyi/.vscode-server/bin/abd2f3db4bdb28f9e95536dfa84d8479f1eb312d/out/vs/server/node/server.main.js:70:15216
    at /home/tianyi/.vscode-server/bin/abd2f3db4bdb28f9e95536dfa84d8479f1eb312d/out/vs/server/node/server.main.js:70:14852
    at runNextTicks (node:internal/process/task_queues:60:5)
    at listOnTimeout (node:internal/timers:538:9)
    at process.processTimers (node:internal/timers:512:7)
[23:55:52] [127.0.0.1][72595e3e][ExtensionHostConnection] <1876> Extension Host Process exited with code: 0, signal: null.
Last EH closed, waiting before shutting down
[23:55:52] Last EH closed, waiting before shutting down
Last EH closed, shutting down
[00:00:52] Last EH closed, shutting down
